<?xml version="1.0" encoding="utf-8"?><testsuites><testsuite name="pytest" errors="0" failures="1" skipped="0" tests="3" time="18.561" timestamp="2023-01-25T15:50:32.694516" hostname="MacBook-Pro-Artur.local"><testcase classname="test_main_page_1.TestOpenSite" name="test_01_check_points_in_dropdown_001" time="11.054"><failure message="Драйвер недоступен!">Traceback (most recent call last):
  File "/Users/artur_gaazov/Documents/html_academy/test_main_page/test_main_page_1.py", line 29, in test_01_check_points_in_dropdown
    self.main.header.check_counts_in_dropdown(dropdown_name, counts)
  File "/Users/artur_gaazov/Documents/html_academy/blocks/header.py", line 53, in check_counts_in_dropdown
    elem.open(mouse_over=mouse_over)
AttributeError: 'NoneType' object has no attribute 'open'</failure><system-out>--------------------------------- Captured Out ---------------------------------

</system-out></testcase><testcase classname="test_main_page_1.TestOpenSite" name="test_01_check_points_in_dropdown_002" time="3.059"><system-out>--------------------------------- Captured Out ---------------------------------

</system-out></testcase><testcase classname="test_main_page_1.TestOpenSite" name="test_01_check_points_in_dropdown_003" time="4.239"><system-out>--------------------------------- Captured Out ---------------------------------

</system-out></testcase></testsuite></testsuites>