<?xml version="1.0" encoding="utf-8"?><testsuites><testsuite name="pytest" errors="1" failures="0" skipped="0" tests="1" time="0.065" timestamp="2023-01-29T15:45:48.053821" hostname="MacBook-Pro-Artur.local"><testcase classname="" name="test_main_page_1" time="0.000"><error message="collection failure">ImportError while importing test module '/Users/artur_gaazov/Documents/html_academy/test_main_page/test_main_page_1.py'.
Hint: make sure your test modules/packages have valid Python names.
Traceback:
/Library/Developer/CommandLineTools/Library/Frameworks/Python3.framework/Versions/3.9/lib/python3.9/importlib/__init__.py:127: in import_module
    return _bootstrap._gcd_import(name[level:], package, level)
test_main_page_1.py:5: in &lt;module&gt;
    from pages.main_page import MainPage
E   ModuleNotFoundError: No module named 'pages'</error></testcase></testsuite></testsuites>